2025/08/23 02:06:24 [emerg] 1#1: invalid value "must-revalidate" in /etc/nginx/conf.d/default.conf:29
2025/08/23 02:06:24 [emerg] 1#1: invalid value "must-revalidate" in /etc/nginx/conf.d/default.conf:29
2025/08/23 02:06:25 [emerg] 1#1: invalid value "must-revalidate" in /etc/nginx/conf.d/default.conf:29
2025/08/23 02:06:25 [emerg] 1#1: invalid value "must-revalidate" in /etc/nginx/conf.d/default.conf:29
2025/08/23 02:06:26 [emerg] 1#1: invalid value "must-revalidate" in /etc/nginx/conf.d/default.conf:29
2025/08/23 02:06:28 [emerg] 1#1: invalid value "must-revalidate" in /etc/nginx/conf.d/default.conf:29
2025/08/23 02:06:31 [emerg] 1#1: invalid value "must-revalidate" in /etc/nginx/conf.d/default.conf:29
2025/08/23 02:06:38 [emerg] 1#1: invalid value "must-revalidate" in /etc/nginx/conf.d/default.conf:29
2025/08/23 02:07:11 [emerg] 1#1: host not found in upstream "backend" in /etc/nginx/conf.d/default.conf:14
2025/08/23 02:07:11 [emerg] 1#1: host not found in upstream "backend" in /etc/nginx/conf.d/default.conf:14
2025/08/23 02:07:12 [emerg] 1#1: host not found in upstream "backend" in /etc/nginx/conf.d/default.conf:14
2025/08/23 02:07:12 [emerg] 1#1: host not found in upstream "backend" in /etc/nginx/conf.d/default.conf:14
2025/08/23 02:07:13 [emerg] 1#1: host not found in upstream "backend" in /etc/nginx/conf.d/default.conf:14
2025/08/23 02:07:15 [emerg] 1#1: host not found in upstream "backend" in /etc/nginx/conf.d/default.conf:14
2025/08/23 02:07:18 [emerg] 1#1: host not found in upstream "backend" in /etc/nginx/conf.d/default.conf:14
2025/08/23 02:07:25 [emerg] 1#1: host not found in upstream "backend" in /etc/nginx/conf.d/default.conf:14
2025/08/23 02:07:38 [emerg] 1#1: host not found in upstream "backend" in /etc/nginx/conf.d/default.conf:14
2025/08/23 02:08:05 [notice] 1#1: using the "epoll" event method
2025/08/23 02:08:05 [notice] 1#1: nginx/1.29.1
2025/08/23 02:08:05 [notice] 1#1: built by gcc 14.2.0 (Alpine 14.2.0) 
2025/08/23 02:08:05 [notice] 1#1: OS: Linux 6.10.14-linuxkit
2025/08/23 02:08:05 [notice] 1#1: getrlimit(RLIMIT_NOFILE): 1048576:1048576
2025/08/23 02:08:05 [notice] 1#1: start worker processes
2025/08/23 02:08:05 [notice] 1#1: start worker process 29
2025/08/23 02:08:05 [notice] 1#1: start worker process 30
2025/08/23 02:08:05 [notice] 1#1: start worker process 31
2025/08/23 02:08:05 [notice] 1#1: start worker process 32
2025/08/23 02:08:05 [notice] 1#1: start worker process 33
2025/08/23 02:08:05 [notice] 1#1: start worker process 34
2025/08/23 02:08:05 [notice] 1#1: start worker process 35
2025/08/23 02:08:05 [notice] 1#1: start worker process 36
2025/08/23 02:08:05 [notice] 1#1: start worker process 37
2025/08/23 02:08:05 [notice] 1#1: start worker process 38
2025/08/23 02:08:05 [notice] 1#1: start worker process 39
2025/08/23 02:08:05 [notice] 1#1: start worker process 40
2025/08/23 02:12:58 [error] 40#40: *12 open() "/etc/nginx/html/static/js/main.90ac709a.js" failed (2: No such file or directory), client: 172.66.1.46, server: localhost, request: "GET /static/js/main.90ac709a.js HTTP/1.1", host: "localhost:3000", referrer: "http://localhost:3000/"
2025/08/23 02:12:58 [error] 29#29: *13 open() "/etc/nginx/html/static/css/main.e6c13ad2.css" failed (2: No such file or directory), client: 172.66.1.46, server: localhost, request: "GET /static/css/main.e6c13ad2.css HTTP/1.1", host: "localhost:3000", referrer: "http://localhost:3000/"
2025/08/23 02:12:58 [error] 29#29: *13 open() "/etc/nginx/html/sfd-logo.png" failed (2: No such file or directory), client: 172.66.1.46, server: localhost, request: "GET /sfd-logo.png HTTP/1.1", host: "localhost:3000", referrer: "http://localhost:3000/"
2025/08/23 02:12:58 [error] 29#29: *13 open() "/etc/nginx/html/sfd-logo.png" failed (2: No such file or directory), client: 172.66.1.46, server: localhost, request: "GET /sfd-logo.png HTTP/1.1", host: "localhost:3000", referrer: "http://localhost:3000/"
2025/08/23 02:15:14 [error] 29#29: *21 open() "/etc/nginx/html/static/js/main.90ac709a.js" failed (2: No such file or directory), client: 172.66.1.46, server: localhost, request: "GET /static/js/main.90ac709a.js HTTP/1.1", host: "localhost:3000", referrer: "http://localhost:3000/"
2025/08/23 02:15:14 [error] 30#30: *20 open() "/etc/nginx/html/static/css/main.e6c13ad2.css" failed (2: No such file or directory), client: 172.66.1.46, server: localhost, request: "GET /static/css/main.e6c13ad2.css HTTP/1.1", host: "localhost:3000", referrer: "http://localhost:3000/"
2025/08/23 02:15:14 [error] 30#30: *20 open() "/etc/nginx/html/sfd-logo.png" failed (2: No such file or directory), client: 172.66.1.46, server: localhost, request: "GET /sfd-logo.png HTTP/1.1", host: "localhost:3000", referrer: "http://localhost:3000/"
